<?xml version="1.0" encoding="UTF-8"?>
<testng-results ignored="0" total="1" passed="1" failed="0" skipped="0">
  <reporter-output>
  </reporter-output>
  <suite started-at="2024-11-27T14:43:36 IST" name="Default suite" finished-at="2024-11-27T14:44:03 IST" duration-ms="26817">
    <groups>
    </groups>
    <test started-at="2024-11-27T14:43:36 IST" name="Default test" finished-at="2024-11-27T14:44:03 IST" duration-ms="26817">
      <class name="Revenue_Calculator_TestClass">
        <test-method signature="openbrowser()[pri:0, instance:Revenue_Calculator_TestClass@e350b40]" started-at="2024-11-27T14:43:36 IST" name="openbrowser" finished-at="2024-11-27T14:44:03 IST" duration-ms="26750" status="PASS">
          <reporter-output>
          </reporter-output>
        </test-method> <!-- openbrowser -->
      </class> <!-- Revenue_Calculator_TestClass -->
    </test> <!-- Default test -->
  </suite> <!-- Default suite -->
</testng-results>
